Fichier de logs de la machine virtuel Osiris
Date de création :le 25/05/2016 à 14:16
*************************************************************************************
le 25/05/2016 à 14:16 :
Formatting '/var/lib/libvirt/images/Osiris.qcow2', fmt=qcow2 size=1073741824 encryption=off cluster_size=65536 preallocation='metadata' lazy_refcounts=off 
le 25/05/2016 à 14:16 :
Allocating 'Osiris'       17% [==-            ]  0.0 B/s | 1.4 GB     --:-- ETA Allocating 'Osiris'                                      | 8.0 GB     00:02     

Clone 'Osiris' created successfully.
le 25/05/2016 à 14:16 :
Domain Osiris started

le 25/05/2016 à 14:16 :



Configuration de la VM :
Nombre de CPU :1
Memoire RAM :1048576
Memoire swap :332K
error: Failed to destroy domain Osiris
error: Requested operation is not valid: domain is not running

le 25/05/2016 à 16:42 :
Le nombre de CPU est passé à : 2
error: Failed to destroy domain Osiris
error: Requested operation is not valid: domain is not running

le 25/05/2016 à 16:42 :
Le nombre de RAM est passé à : 3196M
